<?xml version="1.0" encoding="UTF-8"?>
<!-- Generated by org.testng.reporters.JUnitReportReporter -->
<testsuite hostname="DESKTOP-RBK37QC" failures="0" tests="1" name="inverso.dmy.test.TestB" time="11.410" errors="0" timestamp="2023-08-10T13:34:04 MESZ" skipped="0">
  <testcase classname="inverso.dmy.test.TestB" name="test_anmeldung_swaglabs" time="11.410">
    <system-out>
      <![CDATA[Screenshot at C:\Users\danny\git\seleniumtests\seleniumtests\seleniumtests\screenshots\screen1.jpg]]>
    </system-out>
  </testcase> <!-- test_anmeldung_swaglabs -->
  <system-out>
    <![CDATA[Screenshot at C:\Users\danny\git\seleniumtests\seleniumtests\seleniumtests\screenshots\screen1.jpg]]>
  </system-out>
</testsuite> <!-- inverso.dmy.test.TestB -->
