<?xml version="1.0" encoding="UTF-8"?>
<!-- Generated by org.testng.reporters.JUnitReportReporter -->
<testsuite hostname="DESKTOP-RBK37QC" failures="0" tests="1" name="inverso.dmy.test.TestA" time="7.013" errors="0" timestamp="2023-08-10T12:39:28 MESZ" skipped="0">
  <testcase classname="inverso.dmy.test.TestA" name="test_aufruf_google" time="7.013">
    <system-out>
      <![CDATA[Screenshot at C:\Users\danny\git\seleniumtests\seleniumtests\seleniumtestsscreen1.jpg]]>
    </system-out>
  </testcase> <!-- test_aufruf_google -->
  <system-out>
    <![CDATA[Screenshot at C:\Users\danny\git\seleniumtests\seleniumtests\seleniumtestsscreen1.jpg]]>
  </system-out>
</testsuite> <!-- inverso.dmy.test.TestA -->
