<?xml version="1.0" encoding="UTF-8"?>
<!-- Generated by org.testng.reporters.JUnitReportReporter -->
<testsuite hostname="DESKTOP-RBK37QC" failures="0" tests="3" name="com.inverso.dmy.test.Checkbox" time="11.200" errors="0" timestamp="2023-08-17T10:29:56 MESZ" skipped="0">
  <testcase classname="com.inverso.dmy.test.Checkbox" name="test_method" time="4.590">
    <system-out>
      <![CDATA[Screenshot at C:\Users\danny\git\seleniumtests\seleniumtests\screenshots\screen4.jpg
Screenshot at C:\Users\danny\git\seleniumtests\seleniumtests\screenshots\screen5.jpg
Screenshot at C:\Users\danny\git\seleniumtests\seleniumtests\screenshots\screen6.jpg
Test mit 'firefox' beendet. (ThreadId: 1)]]>
    </system-out>
  </testcase> <!-- test_method -->
  <testcase classname="com.inverso.dmy.test.Checkbox" name="test_method" time="3.341">
    <system-out>
      <![CDATA[Screenshot at C:\Users\danny\git\seleniumtests\seleniumtests\screenshots\screen1.jpg
Screenshot at C:\Users\danny\git\seleniumtests\seleniumtests\screenshots\screen2.jpg
Screenshot at C:\Users\danny\git\seleniumtests\seleniumtests\screenshots\screen3.jpg
Test mit 'chrome' beendet. (ThreadId: 1)]]>
    </system-out>
  </testcase> <!-- test_method -->
  <testcase classname="com.inverso.dmy.test.Checkbox" name="test_method" time="3.269">
    <system-out>
      <![CDATA[Screenshot at C:\Users\danny\git\seleniumtests\seleniumtests\screenshots\screen7.jpg
Screenshot at C:\Users\danny\git\seleniumtests\seleniumtests\screenshots\screen8.jpg
Screenshot at C:\Users\danny\git\seleniumtests\seleniumtests\screenshots\screen9.jpg
Test mit 'edge' beendet. (ThreadId: 1)]]>
    </system-out>
  </testcase> <!-- test_method -->
  <system-out>
    <![CDATA[Test mit 'chrome' startet. (ThreadId: 1)
Screenshot at C:\Users\danny\git\seleniumtests\seleniumtests\screenshots\screen1.jpg
Screenshot at C:\Users\danny\git\seleniumtests\seleniumtests\screenshots\screen2.jpg
Screenshot at C:\Users\danny\git\seleniumtests\seleniumtests\screenshots\screen3.jpg
Test mit 'chrome' beendet. (ThreadId: 1)
Test mit 'firefox' startet. (ThreadId: 1)
Screenshot at C:\Users\danny\git\seleniumtests\seleniumtests\screenshots\screen4.jpg
Screenshot at C:\Users\danny\git\seleniumtests\seleniumtests\screenshots\screen5.jpg
Screenshot at C:\Users\danny\git\seleniumtests\seleniumtests\screenshots\screen6.jpg
Test mit 'firefox' beendet. (ThreadId: 1)
Test mit 'edge' startet. (ThreadId: 1)
Screenshot at C:\Users\danny\git\seleniumtests\seleniumtests\screenshots\screen7.jpg
Screenshot at C:\Users\danny\git\seleniumtests\seleniumtests\screenshots\screen8.jpg
Screenshot at C:\Users\danny\git\seleniumtests\seleniumtests\screenshots\screen9.jpg
Test mit 'edge' beendet. (ThreadId: 1)]]>
  </system-out>
</testsuite> <!-- com.inverso.dmy.test.Checkbox -->
