<?xml version="1.0" encoding="UTF-8"?>
<!-- Generated by org.testng.reporters.JUnitReportReporter -->
<testsuite hostname="DESKTOP-RBK37QC" failures="0" tests="1" name="com.inverso.dmy.test.OpenInverso" time="1.524" errors="0" timestamp="2023-08-17T11:54:37 MESZ" skipped="0">
  <testcase classname="com.inverso.dmy.test.OpenInverso" name="test_method" time="1.524">
    <system-out>
      <![CDATA[Screenshot at C:\Users\danny\git\seleniumtests\seleniumtests\screenshots\screen1.jpg
Test mit 'chrome_headless' beendet. (ThreadId: 1)]]>
    </system-out>
  </testcase> <!-- test_method -->
  <system-out>
    <![CDATA[Test mit 'chrome_headless' startet. (ThreadId: 1)
Screenshot at C:\Users\danny\git\seleniumtests\seleniumtests\screenshots\screen1.jpg
Test mit 'chrome_headless' beendet. (ThreadId: 1)]]>
  </system-out>
</testsuite> <!-- com.inverso.dmy.test.OpenInverso -->
